TN:
SF:/Users/matt/clones/deployable/node-deployable-errors/lib/errors.js
FN:5,(anonymous_1)
FN:18,(anonymous_2)
FN:31,(anonymous_3)
FN:37,(anonymous_4)
FN:98,(anonymous_5)
FN:106,(anonymous_6)
FN:114,(anonymous_7)
FN:118,(anonymous_8)
FNF:8
FNH:8
FNDA:11,(anonymous_1)
FNDA:2,(anonymous_2)
FNDA:2,(anonymous_3)
FNDA:1,(anonymous_4)
FNDA:4,(anonymous_5)
FNDA:3,(anonymous_6)
FNDA:2,(anonymous_7)
FNDA:4,(anonymous_8)
DA:6,11
DA:7,11
DA:8,11
DA:9,11
DA:10,11
DA:12,0
DA:14,11
DA:19,2
DA:20,8
DA:21,2
DA:32,2
DA:33,2
DA:38,1
DA:39,1
DA:40,1
DA:41,1
DA:47,1
DA:99,4
DA:100,2
DA:101,4
DA:103,4
DA:104,4
DA:107,3
DA:108,2
DA:115,2
DA:116,2
DA:119,4
DA:120,4
DA:121,4
DA:127,1
LF:30
LH:29
BRDA:9,1,0,11
BRDA:9,1,1,0
BRDA:14,2,0,2
BRDA:14,2,1,9
BRDA:33,3,0,2
BRDA:33,3,1,2
BRDA:39,4,0,1
BRDA:39,4,1,0
BRDA:39,5,0,1
BRDA:39,5,1,1
BRDA:99,6,0,2
BRDA:99,6,1,2
BRDA:100,7,0,1
BRDA:100,7,1,1
BRDA:104,8,0,0
BRDA:104,8,1,4
BRDA:107,9,0,1
BRDA:107,9,1,2
BRDA:116,10,0,1
BRDA:116,10,1,1
BRDA:120,11,0,2
BRDA:120,11,1,2
BRF:22
BRH:19
end_of_record
