TN:
SF:/Users/matt/clones/deployable/node-deployable-errors/lib/errors.js
FN:8,(anonymous_1)
FN:30,(anonymous_2)
FN:36,(anonymous_3)
FN:46,(anonymous_4)
FN:58,(anonymous_5)
FN:69,(anonymous_6)
FN:134,(anonymous_7)
FN:152,(anonymous_8)
FN:166,(anonymous_9)
FNF:9
FNH:9
FNDA:16,(anonymous_1)
FNDA:3,(anonymous_2)
FNDA:1,(anonymous_3)
FNDA:1,(anonymous_4)
FNDA:3,(anonymous_5)
FNDA:1,(anonymous_6)
FNDA:5,(anonymous_7)
FNDA:3,(anonymous_8)
FNDA:3,(anonymous_9)
DA:11,16
DA:14,16
DA:15,16
DA:18,16
DA:19,16
DA:21,0
DA:25,16
DA:31,3
DA:32,14
DA:33,3
DA:37,1
DA:38,1
DA:39,1
DA:47,1
DA:48,1
DA:49,1
DA:59,3
DA:60,3
DA:63,3
DA:64,3
DA:70,1
DA:71,1
DA:72,1
DA:73,1
DA:80,1
DA:137,5
DA:138,2
DA:140,5
DA:143,5
DA:147,5
DA:153,3
DA:154,2
DA:167,3
DA:170,3
DA:171,1
DA:172,1
DA:174,3
DA:188,1
LF:38
LH:37
BRDA:18,1,0,16
BRDA:18,1,1,0
BRDA:25,2,0,3
BRDA:25,2,1,13
BRDA:38,3,0,1
BRDA:38,3,1,0
BRDA:38,4,0,1
BRDA:38,4,1,1
BRDA:38,4,2,1
BRDA:48,5,0,1
BRDA:48,5,1,1
BRDA:49,6,0,1
BRDA:49,6,1,0
BRDA:60,7,0,3
BRDA:60,7,1,3
BRDA:71,8,0,1
BRDA:71,8,1,0
BRDA:71,9,0,1
BRDA:71,9,1,1
BRDA:137,10,0,2
BRDA:137,10,1,3
BRDA:138,11,0,1
BRDA:138,11,1,1
BRDA:147,12,0,1
BRDA:147,12,1,4
BRDA:153,13,0,1
BRDA:153,13,1,2
BRDA:170,14,0,1
BRDA:170,14,1,2
BRDA:174,15,0,1
BRDA:174,15,1,2
BRDA:174,16,0,1
BRDA:174,16,1,0
BRF:33
BRH:28
end_of_record
